<?xml version="1.0" encoding="UTF-8"?>
<!-- Generated by org.testng.reporters.JUnitReportReporter -->
<testsuite hostname="LAPTOP-4DJ3NEG4" failures="0" tests="1" name="myauto.firsttest.BaseTest" time="4.634" errors="0" timestamp="25 Jan 2021 05:42:37 GMT" skipped="0">
  <testcase classname="myauto.firsttest.BaseTest" name="createFBAccount" time="4.634"/>
</testsuite> <!-- myauto.firsttest.BaseTest -->
