<?xml version="1.0" encoding="UTF-8"?>
<!-- Generated by org.testng.reporters.JUnitReportReporter -->
<testsuite hostname="LAPTOP-4DJ3NEG4" failures="0" tests="1" name="myauto.firsttest.BaseTest" time="4.641" errors="0" timestamp="23 Jan 2021 18:05:16 GMT" skipped="0">
  <testcase classname="myauto.firsttest.BaseTest" name="createFBAccount" time="4.641"/>
</testsuite> <!-- myauto.firsttest.BaseTest -->
